<?xml version="1.0" encoding="UTF-8"?>
<!-- Generated by org.testng.reporters.JUnitReportReporter -->
<testsuite skipped="0" hostname="vnikolic" name="testcases.TC_001" tests="1" failures="0" timestamp="24 Jan 2019 14:48:50 GMT" time="12.414" errors="0">
  <testcase name="tc001" time="12.414" classname="testcases.TC_001"/>
</testsuite> <!-- testcases.TC_001 -->
